{
  "stats": {
    "suites": 1,
    "tests": 2,
    "passes": 2,
    "pending": 0,
    "failures": 0,
    "start": "2020-07-24T19:25:32.424Z",
    "end": "2020-07-24T19:25:37.139Z",
    "duration": 4715,
    "testsRegistered": 2,
    "passPercent": 100,
    "pendingPercent": 0,
    "other": 0,
    "hasOther": false,
    "skipped": 0,
    "hasSkipped": false
  },
  "results": [
    {
      "uuid": "63bde4a9-06d4-4814-bf0d-2e38e11cdcca",
      "title": "",
      "fullFile": "cypress/integration/backend-auth-2.spec.js",
      "file": "cypress/integration/backend-auth-2.spec.js",
      "beforeHooks": [],
      "afterHooks": [],
      "tests": [],
      "suites": [
        {
          "uuid": "0acde312-1de4-44f6-9e69-f0453ab73b1e",
          "title": "testing auth-2",
          "fullFile": "",
          "file": "",
          "beforeHooks": [],
          "afterHooks": [],
          "tests": [
            {
              "title": "Get all reservations",
              "fullTitle": "testing auth-2 Get all reservations",
              "timedOut": null,
              "duration": 2224,
              "state": "passed",
              "speed": "slow",
              "pass": true,
              "fail": false,
              "pending": false,
              "context": null,
              "code": "reservationHelpers.getAllReservationsRequest(cy);",
              "err": {},
              "uuid": "10e24c3c-47ce-47ca-bc4a-bdd47621d2d9",
              "parentUUID": "0acde312-1de4-44f6-9e69-f0453ab73b1e",
              "isHook": false,
              "skipped": false
            },
            {
              "title": "Create a new  reservation",
              "fullTitle": "testing auth-2 Create a new  reservation",
              "timedOut": null,
              "duration": 1602,
              "state": "passed",
              "speed": "slow",
              "pass": true,
              "fail": false,
              "pending": false,
              "context": null,
              "code": "reservationHelpers.createReservationReques(cy);",
              "err": {},
              "uuid": "9d3a9cb9-e76e-49b7-bf5b-6f56af92ee54",
              "parentUUID": "0acde312-1de4-44f6-9e69-f0453ab73b1e",
              "isHook": false,
              "skipped": false
            }
          ],
          "suites": [],
          "passes": [
            "10e24c3c-47ce-47ca-bc4a-bdd47621d2d9",
            "9d3a9cb9-e76e-49b7-bf5b-6f56af92ee54"
          ],
          "failures": [],
          "pending": [],
          "skipped": [],
          "duration": 3826,
          "root": false,
          "rootEmpty": false,
          "_timeout": 2000
        }
      ],
      "passes": [],
      "failures": [],
      "pending": [],
      "skipped": [],
      "duration": 0,
      "root": true,
      "rootEmpty": true,
      "_timeout": 2000
    }
  ],
  "meta": {
    "mocha": {
      "version": "7.0.1"
    },
    "mochawesome": {
      "options": {
        "quiet": false,
        "reportFilename": "mochawesome",
        "saveHtml": false,
        "saveJson": true,
        "consoleReporter": "spec",
        "useInlineDiffs": false,
        "code": true
      },
      "version": "6.1.1"
    },
    "marge": {
      "options": {
        "charts": true,
        "overwrite": false,
        "html": false,
        "json": true,
        "reportDir": "cypress/report/mochawesome-report"
      },
      "version": "5.1.0"
    }
  }
}