{
  "stats": {
    "suites": 1,
    "tests": 2,
    "passes": 2,
    "pending": 0,
    "failures": 0,
    "start": "2020-06-24T21:12:47.328Z",
    "end": "2020-06-24T21:12:50.400Z",
    "duration": 3072,
    "testsRegistered": 2,
    "passPercent": 100,
    "pendingPercent": 0,
    "other": 0,
    "hasOther": false,
    "skipped": 0,
    "hasSkipped": false
  },
  "results": [
    {
      "uuid": "45d93fc9-5221-4fd4-876b-a9a4452f43d9",
      "title": "",
      "fullFile": "cypress/integration/backend-auth-2.spec.js",
      "file": "cypress/integration/backend-auth-2.spec.js",
      "beforeHooks": [],
      "afterHooks": [],
      "tests": [],
      "suites": [
        {
          "uuid": "92dc0bb3-9cfe-4752-a9be-5a2197b9fcdb",
          "title": "testing auth-2",
          "fullFile": "",
          "file": "",
          "beforeHooks": [],
          "afterHooks": [],
          "tests": [
            {
              "title": "Get all reservations",
              "fullTitle": "testing auth-2 Get all reservations",
              "timedOut": null,
              "duration": 1818,
              "state": "passed",
              "speed": "slow",
              "pass": true,
              "fail": false,
              "pending": false,
              "context": null,
              "code": "reservationHelpers.getAllReservationsRequest(cy);",
              "err": {},
              "uuid": "56ebfeba-afc2-48d3-8868-f69d9198d554",
              "parentUUID": "92dc0bb3-9cfe-4752-a9be-5a2197b9fcdb",
              "isHook": false,
              "skipped": false
            },
            {
              "title": "Create a new  reservation",
              "fullTitle": "testing auth-2 Create a new  reservation",
              "timedOut": null,
              "duration": 907,
              "state": "passed",
              "speed": "slow",
              "pass": true,
              "fail": false,
              "pending": false,
              "context": null,
              "code": "reservationHelpers.createReservationReques(cy);",
              "err": {},
              "uuid": "408c965c-b00a-43f7-a943-8f03a71fcc9a",
              "parentUUID": "92dc0bb3-9cfe-4752-a9be-5a2197b9fcdb",
              "isHook": false,
              "skipped": false
            }
          ],
          "suites": [],
          "passes": [
            "56ebfeba-afc2-48d3-8868-f69d9198d554",
            "408c965c-b00a-43f7-a943-8f03a71fcc9a"
          ],
          "failures": [],
          "pending": [],
          "skipped": [],
          "duration": 2725,
          "root": false,
          "rootEmpty": false,
          "_timeout": 2000
        }
      ],
      "passes": [],
      "failures": [],
      "pending": [],
      "skipped": [],
      "duration": 0,
      "root": true,
      "rootEmpty": true,
      "_timeout": 2000
    }
  ],
  "meta": {
    "mocha": {
      "version": "7.0.1"
    },
    "mochawesome": {
      "options": {
        "quiet": false,
        "reportFilename": "mochawesome",
        "saveHtml": false,
        "saveJson": true,
        "consoleReporter": "spec",
        "useInlineDiffs": false,
        "code": true
      },
      "version": "6.1.1"
    },
    "marge": {
      "options": {
        "charts": true,
        "overwrite": false,
        "html": false,
        "json": true,
        "reportDir": "cypress/report/mochawesome-report"
      },
      "version": "5.1.0"
    }
  }
}