{
  "stats": {
    "suites": 1,
    "tests": 3,
    "passes": 3,
    "pending": 0,
    "failures": 0,
    "start": "2020-06-24T21:13:28.091Z",
    "end": "2020-06-24T21:13:32.017Z",
    "duration": 3926,
    "testsRegistered": 3,
    "passPercent": 100,
    "pendingPercent": 0,
    "other": 0,
    "hasOther": false,
    "skipped": 0,
    "hasSkipped": false
  },
  "results": [
    {
      "uuid": "95185c0e-47bd-48ac-bc46-697177e2a061",
      "title": "",
      "fullFile": "cypress/integration/backend-auth.spec.js",
      "file": "cypress/integration/backend-auth.spec.js",
      "beforeHooks": [],
      "afterHooks": [],
      "tests": [],
      "suites": [
        {
          "uuid": "b6d49aa3-b8fe-461f-9cab-230dd119b419",
          "title": "testing auth",
          "fullFile": "",
          "file": "",
          "beforeHooks": [],
          "afterHooks": [],
          "tests": [
            {
              "title": "Create a new client",
              "fullTitle": "testing auth Create a new client",
              "timedOut": null,
              "duration": 1683,
              "state": "passed",
              "speed": "slow",
              "pass": true,
              "fail": false,
              "pending": false,
              "context": null,
              "code": "clientHelpers.createClientRequest(cy);",
              "err": {},
              "uuid": "8558f0f4-d613-4cab-b1c3-dc9b612d11eb",
              "parentUUID": "b6d49aa3-b8fe-461f-9cab-230dd119b419",
              "isHook": false,
              "skipped": false
            },
            {
              "title": "Get all clients",
              "fullTitle": "testing auth Get all clients",
              "timedOut": null,
              "duration": 873,
              "state": "passed",
              "speed": "slow",
              "pass": true,
              "fail": false,
              "pending": false,
              "context": null,
              "code": "clientHelpers.getAllClientsRequest(cy);",
              "err": {},
              "uuid": "abed71b8-f881-4efe-88c4-78ee756e412f",
              "parentUUID": "b6d49aa3-b8fe-461f-9cab-230dd119b419",
              "isHook": false,
              "skipped": false
            },
            {
              "title": "Create a client and delete it",
              "fullTitle": "testing auth Create a client and delete it",
              "timedOut": null,
              "duration": 1075,
              "state": "passed",
              "speed": "slow",
              "pass": true,
              "fail": false,
              "pending": false,
              "context": null,
              "code": "clientHelpers.createClientRequestAndDelete(cy);",
              "err": {},
              "uuid": "b290a909-02a8-42e0-bf3c-de9b8b9852ae",
              "parentUUID": "b6d49aa3-b8fe-461f-9cab-230dd119b419",
              "isHook": false,
              "skipped": false
            }
          ],
          "suites": [],
          "passes": [
            "8558f0f4-d613-4cab-b1c3-dc9b612d11eb",
            "abed71b8-f881-4efe-88c4-78ee756e412f",
            "b290a909-02a8-42e0-bf3c-de9b8b9852ae"
          ],
          "failures": [],
          "pending": [],
          "skipped": [],
          "duration": 3631,
          "root": false,
          "rootEmpty": false,
          "_timeout": 2000
        }
      ],
      "passes": [],
      "failures": [],
      "pending": [],
      "skipped": [],
      "duration": 0,
      "root": true,
      "rootEmpty": true,
      "_timeout": 2000
    }
  ],
  "meta": {
    "mocha": {
      "version": "7.0.1"
    },
    "mochawesome": {
      "options": {
        "quiet": false,
        "reportFilename": "mochawesome",
        "saveHtml": false,
        "saveJson": true,
        "consoleReporter": "spec",
        "useInlineDiffs": false,
        "code": true
      },
      "version": "6.1.1"
    },
    "marge": {
      "options": {
        "charts": true,
        "overwrite": false,
        "html": false,
        "json": true,
        "reportDir": "cypress/report/mochawesome-report"
      },
      "version": "5.1.0"
    }
  }
}