{
  "stats": {
    "suites": 1,
    "tests": 2,
    "passes": 2,
    "pending": 0,
    "failures": 0,
    "start": "2020-07-28T08:06:08.698Z",
    "end": "2020-07-28T08:06:11.300Z",
    "duration": 2602,
    "testsRegistered": 2,
    "passPercent": 100,
    "pendingPercent": 0,
    "other": 0,
    "hasOther": false,
    "skipped": 0,
    "hasSkipped": false
  },
  "results": [
    {
      "uuid": "e5571cb3-4b7b-4261-967b-77403681e0a9",
      "title": "",
      "fullFile": "cypress/integration/backend-auth-2.spec.js",
      "file": "cypress/integration/backend-auth-2.spec.js",
      "beforeHooks": [],
      "afterHooks": [],
      "tests": [],
      "suites": [
        {
          "uuid": "eb86b601-d005-449f-b85e-c4ccd587c325",
          "title": "testing auth-2",
          "fullFile": "",
          "file": "",
          "beforeHooks": [],
          "afterHooks": [],
          "tests": [
            {
              "title": "Get all reservations",
              "fullTitle": "testing auth-2 Get all reservations",
              "timedOut": null,
              "duration": 1478,
              "state": "passed",
              "speed": "slow",
              "pass": true,
              "fail": false,
              "pending": false,
              "context": null,
              "code": "reservationHelpers.getAllReservationsRequest(cy);",
              "err": {},
              "uuid": "9959309d-b209-4fe8-b5f6-0e3d106dcb93",
              "parentUUID": "eb86b601-d005-449f-b85e-c4ccd587c325",
              "isHook": false,
              "skipped": false
            },
            {
              "title": "Create a new  reservation",
              "fullTitle": "testing auth-2 Create a new  reservation",
              "timedOut": null,
              "duration": 717,
              "state": "passed",
              "speed": "slow",
              "pass": true,
              "fail": false,
              "pending": false,
              "context": null,
              "code": "reservationHelpers.createReservationReques(cy);",
              "err": {},
              "uuid": "955be270-ab6e-4a73-8da5-8448d22c2969",
              "parentUUID": "eb86b601-d005-449f-b85e-c4ccd587c325",
              "isHook": false,
              "skipped": false
            }
          ],
          "suites": [],
          "passes": [
            "9959309d-b209-4fe8-b5f6-0e3d106dcb93",
            "955be270-ab6e-4a73-8da5-8448d22c2969"
          ],
          "failures": [],
          "pending": [],
          "skipped": [],
          "duration": 2195,
          "root": false,
          "rootEmpty": false,
          "_timeout": 2000
        }
      ],
      "passes": [],
      "failures": [],
      "pending": [],
      "skipped": [],
      "duration": 0,
      "root": true,
      "rootEmpty": true,
      "_timeout": 2000
    }
  ],
  "meta": {
    "mocha": {
      "version": "7.0.1"
    },
    "mochawesome": {
      "options": {
        "quiet": false,
        "reportFilename": "mochawesome",
        "saveHtml": false,
        "saveJson": true,
        "consoleReporter": "spec",
        "useInlineDiffs": false,
        "code": true
      },
      "version": "6.1.1"
    },
    "marge": {
      "options": {
        "charts": true,
        "overwrite": false,
        "html": false,
        "json": true,
        "reportDir": "cypress/report/mochawesome-report"
      },
      "version": "5.1.0"
    }
  }
}