{
  "stats": {
    "suites": 4,
    "tests": 10,
    "passes": 10,
    "pending": 0,
    "failures": 0,
    "start": "2020-07-24T22:13:44.841Z",
    "end": "2020-07-24T22:13:44.841Z",
    "duration": 16170,
    "testsRegistered": 10,
    "passPercent": 100,
    "pendingPercent": 0,
    "other": 0,
    "hasOther": false,
    "skipped": 0,
    "hasSkipped": false
  },
  "results": [
    {
      "uuid": "45d93fc9-5221-4fd4-876b-a9a4452f43d9",
      "title": "",
      "fullFile": "cypress/integration/backend-auth-2.spec.js",
      "file": "cypress/integration/backend-auth-2.spec.js",
      "beforeHooks": [],
      "afterHooks": [],
      "tests": [],
      "suites": [
        {
          "uuid": "92dc0bb3-9cfe-4752-a9be-5a2197b9fcdb",
          "title": "testing auth-2",
          "fullFile": "",
          "file": "",
          "beforeHooks": [],
          "afterHooks": [],
          "tests": [
            {
              "title": "Get all reservations",
              "fullTitle": "testing auth-2 Get all reservations",
              "timedOut": null,
              "duration": 1818,
              "state": "passed",
              "speed": "slow",
              "pass": true,
              "fail": false,
              "pending": false,
              "context": null,
              "code": "reservationHelpers.getAllReservationsRequest(cy);",
              "err": {},
              "uuid": "56ebfeba-afc2-48d3-8868-f69d9198d554",
              "parentUUID": "92dc0bb3-9cfe-4752-a9be-5a2197b9fcdb",
              "isHook": false,
              "skipped": false
            },
            {
              "title": "Create a new  reservation",
              "fullTitle": "testing auth-2 Create a new  reservation",
              "timedOut": null,
              "duration": 907,
              "state": "passed",
              "speed": "slow",
              "pass": true,
              "fail": false,
              "pending": false,
              "context": null,
              "code": "reservationHelpers.createReservationReques(cy);",
              "err": {},
              "uuid": "408c965c-b00a-43f7-a943-8f03a71fcc9a",
              "parentUUID": "92dc0bb3-9cfe-4752-a9be-5a2197b9fcdb",
              "isHook": false,
              "skipped": false
            }
          ],
          "suites": [],
          "passes": [
            "56ebfeba-afc2-48d3-8868-f69d9198d554",
            "408c965c-b00a-43f7-a943-8f03a71fcc9a"
          ],
          "failures": [],
          "pending": [],
          "skipped": [],
          "duration": 2725,
          "root": false,
          "rootEmpty": false,
          "_timeout": 2000
        }
      ],
      "passes": [],
      "failures": [],
      "pending": [],
      "skipped": [],
      "duration": 0,
      "root": true,
      "rootEmpty": true,
      "_timeout": 2000
    },
    {
      "uuid": "95185c0e-47bd-48ac-bc46-697177e2a061",
      "title": "",
      "fullFile": "cypress/integration/backend-auth.spec.js",
      "file": "cypress/integration/backend-auth.spec.js",
      "beforeHooks": [],
      "afterHooks": [],
      "tests": [],
      "suites": [
        {
          "uuid": "b6d49aa3-b8fe-461f-9cab-230dd119b419",
          "title": "testing auth",
          "fullFile": "",
          "file": "",
          "beforeHooks": [],
          "afterHooks": [],
          "tests": [
            {
              "title": "Create a new client",
              "fullTitle": "testing auth Create a new client",
              "timedOut": null,
              "duration": 1683,
              "state": "passed",
              "speed": "slow",
              "pass": true,
              "fail": false,
              "pending": false,
              "context": null,
              "code": "clientHelpers.createClientRequest(cy);",
              "err": {},
              "uuid": "8558f0f4-d613-4cab-b1c3-dc9b612d11eb",
              "parentUUID": "b6d49aa3-b8fe-461f-9cab-230dd119b419",
              "isHook": false,
              "skipped": false
            },
            {
              "title": "Get all clients",
              "fullTitle": "testing auth Get all clients",
              "timedOut": null,
              "duration": 873,
              "state": "passed",
              "speed": "slow",
              "pass": true,
              "fail": false,
              "pending": false,
              "context": null,
              "code": "clientHelpers.getAllClientsRequest(cy);",
              "err": {},
              "uuid": "abed71b8-f881-4efe-88c4-78ee756e412f",
              "parentUUID": "b6d49aa3-b8fe-461f-9cab-230dd119b419",
              "isHook": false,
              "skipped": false
            },
            {
              "title": "Create a client and delete it",
              "fullTitle": "testing auth Create a client and delete it",
              "timedOut": null,
              "duration": 1075,
              "state": "passed",
              "speed": "slow",
              "pass": true,
              "fail": false,
              "pending": false,
              "context": null,
              "code": "clientHelpers.createClientRequestAndDelete(cy);",
              "err": {},
              "uuid": "b290a909-02a8-42e0-bf3c-de9b8b9852ae",
              "parentUUID": "b6d49aa3-b8fe-461f-9cab-230dd119b419",
              "isHook": false,
              "skipped": false
            }
          ],
          "suites": [],
          "passes": [
            "8558f0f4-d613-4cab-b1c3-dc9b612d11eb",
            "abed71b8-f881-4efe-88c4-78ee756e412f",
            "b290a909-02a8-42e0-bf3c-de9b8b9852ae"
          ],
          "failures": [],
          "pending": [],
          "skipped": [],
          "duration": 3631,
          "root": false,
          "rootEmpty": false,
          "_timeout": 2000
        }
      ],
      "passes": [],
      "failures": [],
      "pending": [],
      "skipped": [],
      "duration": 0,
      "root": true,
      "rootEmpty": true,
      "_timeout": 2000
    },
    {
      "uuid": "63bde4a9-06d4-4814-bf0d-2e38e11cdcca",
      "title": "",
      "fullFile": "cypress/integration/backend-auth-2.spec.js",
      "file": "cypress/integration/backend-auth-2.spec.js",
      "beforeHooks": [],
      "afterHooks": [],
      "tests": [],
      "suites": [
        {
          "uuid": "0acde312-1de4-44f6-9e69-f0453ab73b1e",
          "title": "testing auth-2",
          "fullFile": "",
          "file": "",
          "beforeHooks": [],
          "afterHooks": [],
          "tests": [
            {
              "title": "Get all reservations",
              "fullTitle": "testing auth-2 Get all reservations",
              "timedOut": null,
              "duration": 2224,
              "state": "passed",
              "speed": "slow",
              "pass": true,
              "fail": false,
              "pending": false,
              "context": null,
              "code": "reservationHelpers.getAllReservationsRequest(cy);",
              "err": {},
              "uuid": "10e24c3c-47ce-47ca-bc4a-bdd47621d2d9",
              "parentUUID": "0acde312-1de4-44f6-9e69-f0453ab73b1e",
              "isHook": false,
              "skipped": false
            },
            {
              "title": "Create a new  reservation",
              "fullTitle": "testing auth-2 Create a new  reservation",
              "timedOut": null,
              "duration": 1602,
              "state": "passed",
              "speed": "slow",
              "pass": true,
              "fail": false,
              "pending": false,
              "context": null,
              "code": "reservationHelpers.createReservationReques(cy);",
              "err": {},
              "uuid": "9d3a9cb9-e76e-49b7-bf5b-6f56af92ee54",
              "parentUUID": "0acde312-1de4-44f6-9e69-f0453ab73b1e",
              "isHook": false,
              "skipped": false
            }
          ],
          "suites": [],
          "passes": [
            "10e24c3c-47ce-47ca-bc4a-bdd47621d2d9",
            "9d3a9cb9-e76e-49b7-bf5b-6f56af92ee54"
          ],
          "failures": [],
          "pending": [],
          "skipped": [],
          "duration": 3826,
          "root": false,
          "rootEmpty": false,
          "_timeout": 2000
        }
      ],
      "passes": [],
      "failures": [],
      "pending": [],
      "skipped": [],
      "duration": 0,
      "root": true,
      "rootEmpty": true,
      "_timeout": 2000
    },
    {
      "uuid": "428cdc9e-75ef-454c-9de1-3ba5d5c77ea5",
      "title": "",
      "fullFile": "cypress/integration/backend-auth.spec.js",
      "file": "cypress/integration/backend-auth.spec.js",
      "beforeHooks": [],
      "afterHooks": [],
      "tests": [],
      "suites": [
        {
          "uuid": "f6a885c3-646b-4e44-bca4-7c4c3074250f",
          "title": "testing auth",
          "fullFile": "",
          "file": "",
          "beforeHooks": [],
          "afterHooks": [],
          "tests": [
            {
              "title": "Create a new client",
              "fullTitle": "testing auth Create a new client",
              "timedOut": null,
              "duration": 2219,
              "state": "passed",
              "speed": "slow",
              "pass": true,
              "fail": false,
              "pending": false,
              "context": null,
              "code": "clientHelpers.createClientRequest(cy);",
              "err": {},
              "uuid": "554789b4-8410-4b12-96b0-2018fd728ad5",
              "parentUUID": "f6a885c3-646b-4e44-bca4-7c4c3074250f",
              "isHook": false,
              "skipped": false
            },
            {
              "title": "Get all clients",
              "fullTitle": "testing auth Get all clients",
              "timedOut": null,
              "duration": 1962,
              "state": "passed",
              "speed": "slow",
              "pass": true,
              "fail": false,
              "pending": false,
              "context": null,
              "code": "clientHelpers.getAllClientsRequest(cy);",
              "err": {},
              "uuid": "2b42a287-d8d2-4762-be1f-24993aacd285",
              "parentUUID": "f6a885c3-646b-4e44-bca4-7c4c3074250f",
              "isHook": false,
              "skipped": false
            },
            {
              "title": "Create a client and delete it",
              "fullTitle": "testing auth Create a client and delete it",
              "timedOut": null,
              "duration": 1807,
              "state": "passed",
              "speed": "slow",
              "pass": true,
              "fail": false,
              "pending": false,
              "context": null,
              "code": "clientHelpers.createClientRequestAndDelete(cy);",
              "err": {},
              "uuid": "babce8c7-8e27-4ad4-984c-c7121b583056",
              "parentUUID": "f6a885c3-646b-4e44-bca4-7c4c3074250f",
              "isHook": false,
              "skipped": false
            }
          ],
          "suites": [],
          "passes": [
            "554789b4-8410-4b12-96b0-2018fd728ad5",
            "2b42a287-d8d2-4762-be1f-24993aacd285",
            "babce8c7-8e27-4ad4-984c-c7121b583056"
          ],
          "failures": [],
          "pending": [],
          "skipped": [],
          "duration": 5988,
          "root": false,
          "rootEmpty": false,
          "_timeout": 2000
        }
      ],
      "passes": [],
      "failures": [],
      "pending": [],
      "skipped": [],
      "duration": 0,
      "root": true,
      "rootEmpty": true,
      "_timeout": 2000
    }
  ],
  "meta": {
    "mocha": {
      "version": "7.0.1"
    },
    "mochawesome": {
      "options": {
        "quiet": false,
        "reportFilename": "mochawesome",
        "saveHtml": false,
        "saveJson": true,
        "consoleReporter": "spec",
        "useInlineDiffs": false,
        "code": true
      },
      "version": "6.1.1"
    },
    "marge": {
      "options": {
        "charts": true,
        "overwrite": false,
        "html": false,
        "json": true,
        "reportDir": "cypress/report/mochawesome-report"
      },
      "version": "5.1.0"
    }
  }
}